<?xml version="1.0" encoding="UTF-8"?>
<testng-results skipped="0" failed="0" total="1" passed="1">
  <reporter-output>
  </reporter-output>
  <suite name="Surefire suite" duration-ms="9619" started-at="2016-02-29T09:36:09Z" finished-at="2016-02-29T09:36:19Z">
    <groups>
    </groups>
    <test name="Surefire test" duration-ms="9619" started-at="2016-02-29T09:36:09Z" finished-at="2016-02-29T09:36:19Z">
      <class name="com.kottesting.Tests.SelectorTestsWD">
        <test-method status="PASS" signature="SEL_001_BasicTaskEntry()[pri:0, instance:com.kottesting.Tests.SelectorTestsWD@3cda1055]" name="SEL_001_BasicTaskEntry" duration-ms="9614" started-at="2016-02-29T11:36:09Z" finished-at="2016-02-29T11:36:19Z">
          <reporter-output>
          </reporter-output>
        </test-method> <!-- SEL_001_BasicTaskEntry -->
      </class> <!-- com.kottesting.Tests.SelectorTestsWD -->
      <class name="com.kottesting.Tests.LoginTestsWD">
        <test-method status="PASS" signature="instantiateDriverObject()[pri:0, instance:com.kottesting.Tests.LoginTestsWD@668bc3d5]" name="instantiateDriverObject" is-config="true" duration-ms="6" started-at="2016-02-29T11:36:09Z" finished-at="2016-02-29T11:36:09Z">
          <reporter-output>
          </reporter-output>
        </test-method> <!-- instantiateDriverObject -->
        <test-method status="PASS" signature="closeDriverObjects()[pri:0, instance:com.kottesting.Tests.LoginTestsWD@668bc3d5]" name="closeDriverObjects" is-config="true" duration-ms="344" started-at="2016-02-29T11:36:19Z" finished-at="2016-02-29T11:36:19Z">
          <reporter-output>
          </reporter-output>
        </test-method> <!-- closeDriverObjects -->
      </class> <!-- com.kottesting.Tests.LoginTestsWD -->
    </test> <!-- Surefire test -->
  </suite> <!-- Surefire suite -->
</testng-results>
