<?xml version="1.0" encoding="UTF-8"?>
<!-- Generated by org.testng.reporters.JUnitXMLReporter -->
<testsuite hostname="DESKTOP2015" name="Surefire test" tests="3" failures="0" timestamp="27 Feb 2016 15:01:52 GMT" time="37.179" errors="0">
  <testcase name="FUN_001_LoginWithCorrectCredentials" time="9.759" classname="com.kottesting.LoginTestsWD"/>
  <testcase name="FUN_002_Logout" time="8.226" classname="com.kottesting.LoginTestsWD"/>
  <testcase name="FUN_003_LoginWithIncorrectPassword" time="16.302" classname="com.kottesting.LoginTestsWD"/>
</testsuite> <!-- Surefire test -->
